Start testing: Nov 12 00:37 CET
----------------------------------------------------------
1/1 Testing: IntegralConfig.HelloFunction
1/1 Test: IntegralConfig.HelloFunction
Command: "/Users/jos/ws/IntegralConfig/build/IntegralConfigTests" "--gtest_filter=IntegralConfig.HelloFunction" "--gtest_also_run_disabled_tests"
Directory: /Users/jos/ws/IntegralConfig/build
"IntegralConfig.HelloFunction" start time: Nov 12 00:37 CET
Output:
----------------------------------------------------------
Running main() from /Users/jos/ws/IntegralConfig/build/_deps/googletest-src/googletest/src/gtest_main.cc
Note: Google Test filter = IntegralConfig.HelloFunction
[==========] Running 1 test from 1 test suite.
[----------] Global test environment set-up.
[----------] 1 test from IntegralConfig
[ RUN      ] IntegralConfig.HelloFunction
[       OK ] IntegralConfig.HelloFunction (0 ms)
[----------] 1 test from IntegralConfig (0 ms total)

[----------] Global test environment tear-down
[==========] 1 test from 1 test suite ran. (0 ms total)
[  PASSED  ] 1 test.
<end of output>
Test time =   0.00 sec
----------------------------------------------------------
Test Passed.
"IntegralConfig.HelloFunction" end time: Nov 12 00:37 CET
"IntegralConfig.HelloFunction" time elapsed: 00:00:00
----------------------------------------------------------

End testing: Nov 12 00:37 CET
